<?xml version="1.0" encoding="UTF-8"?>
<!-- Generated by org.testng.reporters.JUnitReportReporter -->
<testsuite hostname="KGBPA" failures="0" tests="1" name="org.baseclass.Swagger" time="2.514" errors="0" timestamp="02 Jul 2024 04:36:10 GMT" skipped="0">
  <testcase classname="org.baseclass.Swagger" name="login" time="2.514"/>
</testsuite> <!-- org.baseclass.Swagger -->
