<?xml version="1.0" encoding="UTF-8"?>
<!-- Generated by org.testng.reporters.JUnitReportReporter -->
<testsuite hostname="KGBPA" failures="0" tests="6" name="org.baseclass.CreateFlight" time="3.984" errors="0" timestamp="01 Jul 2024 15:39:58 GMT" skipped="1">
  <testcase classname="org.baseclass.CreateFlight" name="createFlight" time="2.413"/>
  <testcase classname="org.baseclass.CreateFlight" name="updateFlight" time="0.343"/>
  <testcase classname="org.baseclass.CreateFlight" name="updateFlight1" time="0.646"/>
  <testcase classname="org.baseclass.CreateFlight" name="listFlight" time="0.309"/>
  <testcase classname="org.baseclass.CreateFlight" name="singleFlight" time="0.273"/>
  <testcase classname="org.baseclass.CreateFlight" name="deleteFlight">
    <skipped/>
  </testcase> <!-- deleteFlight -->
</testsuite> <!-- org.baseclass.CreateFlight -->
